  Source.cpp
C:\Users\Utente\Desktop\progetti ASD\2A_1S_ASD\2022-10-07\2022-10-07\Source.cpp(14,9): error C3646: 'nome': unknown override specifier
C:\Users\Utente\Desktop\progetti ASD\2A_1S_ASD\2022-10-07\2022-10-07\Source.cpp(14,13): error C4430: missing type specifier - int assumed. Note: C++ does not support default-int
C:\Users\Utente\Desktop\progetti ASD\2A_1S_ASD\2022-10-07\2022-10-07\Source.cpp(15,9): error C3646: 'cognome': unknown override specifier
C:\Users\Utente\Desktop\progetti ASD\2A_1S_ASD\2022-10-07\2022-10-07\Source.cpp(15,16): error C4430: missing type specifier - int assumed. Note: C++ does not support default-int
C:\Users\Utente\Desktop\progetti ASD\2A_1S_ASD\2022-10-07\2022-10-07\Source.cpp(23,9): error C3646: 'getNome': unknown override specifier
C:\Users\Utente\Desktop\progetti ASD\2A_1S_ASD\2022-10-07\2022-10-07\Source.cpp(23,16): error C2059: syntax error: '('
C:\Users\Utente\Desktop\progetti ASD\2A_1S_ASD\2022-10-07\2022-10-07\Source.cpp(23,19): error C2334: unexpected token(s) preceding '{'; skipping apparent function body
C:\Users\Utente\Desktop\progetti ASD\2A_1S_ASD\2022-10-07\2022-10-07\Source.cpp(27,9): error C3646: 'getCognome': unknown override specifier
C:\Users\Utente\Desktop\progetti ASD\2A_1S_ASD\2022-10-07\2022-10-07\Source.cpp(27,19): error C2059: syntax error: '('
C:\Users\Utente\Desktop\progetti ASD\2A_1S_ASD\2022-10-07\2022-10-07\Source.cpp(27,22): error C2334: unexpected token(s) preceding '{'; skipping apparent function body
C:\Users\Utente\Desktop\progetti ASD\2A_1S_ASD\2022-10-07\2022-10-07\Source.cpp(40,15): error C2061: syntax error: identifier 'string'
C:\Users\Utente\Desktop\progetti ASD\2A_1S_ASD\2022-10-07\2022-10-07\Source.cpp(44,18): error C2061: syntax error: identifier 'string'
C:\Users\Utente\Desktop\progetti ASD\2A_1S_ASD\2022-10-07\2022-10-07\Source.cpp(41,3): error C2065: 'nome': undeclared identifier
C:\Users\Utente\Desktop\progetti ASD\2A_1S_ASD\2022-10-07\2022-10-07\Source.cpp(41,10): error C2065: 'name': undeclared identifier
C:\Users\Utente\Desktop\progetti ASD\2A_1S_ASD\2022-10-07\2022-10-07\Source.cpp(45,3): error C2065: 'cognome': undeclared identifier
C:\Users\Utente\Desktop\progetti ASD\2A_1S_ASD\2022-10-07\2022-10-07\Source.cpp(45,13): error C2065: 'surname': undeclared identifier
C:\Users\Utente\Desktop\progetti ASD\2A_1S_ASD\2022-10-07\2022-10-07\Source.cpp(57,22): error C2660: 'Studente::setNome': function does not take 1 arguments
C:\Users\Utente\Desktop\progetti ASD\2A_1S_ASD\2022-10-07\2022-10-07\Source.cpp(40,7): message : see declaration of 'Studente::setNome'
C:\Users\Utente\Desktop\progetti ASD\2A_1S_ASD\2022-10-07\2022-10-07\Source.cpp(59,2): error C2065: 'cout': undeclared identifier
C:\Users\Utente\Desktop\progetti ASD\2A_1S_ASD\2022-10-07\2022-10-07\Source.cpp(59,16): error C2039: 'getCognome': is not a member of 'Studente'
C:\Users\Utente\Desktop\progetti ASD\2A_1S_ASD\2022-10-07\2022-10-07\Source.cpp(11): message : see declaration of 'Studente'
