d:\armando\repositoryuni\2a_1s_asd\personali\pile\pile\x64\debug\vc143.pdb
d:\armando\repositoryuni\2a_1s_asd\personali\pile\pile\x64\debug\vc143.idb
d:\armando\repositoryuni\2a_1s_asd\personali\pile\pile\x64\debug\tester.obj
d:\armando\repositoryuni\2a_1s_asd\personali\pile\pile\x64\debug\nodopv.obj
d:\armando\repositoryuni\2a_1s_asd\personali\pile\pile\x64\debug\pilavt.obj
d:\armando\repositoryuni\2a_1s_asd\personali\pile\x64\debug\pile.pdb
d:\armando\repositoryuni\2a_1s_asd\personali\pile\pile\x64\debug\pile.tlog\cl.command.1.tlog
d:\armando\repositoryuni\2a_1s_asd\personali\pile\pile\x64\debug\pile.tlog\cl.read.1.tlog
d:\armando\repositoryuni\2a_1s_asd\personali\pile\pile\x64\debug\pile.tlog\cl.write.1.tlog
d:\armando\repositoryuni\2a_1s_asd\personali\pile\pile\x64\debug\pile.tlog\link-cvtres.read.1.tlog
d:\armando\repositoryuni\2a_1s_asd\personali\pile\pile\x64\debug\pile.tlog\link-cvtres.write.1.tlog
d:\armando\repositoryuni\2a_1s_asd\personali\pile\pile\x64\debug\pile.tlog\link-rc.read.1.tlog
d:\armando\repositoryuni\2a_1s_asd\personali\pile\pile\x64\debug\pile.tlog\link-rc.write.1.tlog
d:\armando\repositoryuni\2a_1s_asd\personali\pile\pile\x64\debug\pile.tlog\link.4016-cvtres.read.1.tlog
d:\armando\repositoryuni\2a_1s_asd\personali\pile\pile\x64\debug\pile.tlog\link.4016-cvtres.write.1.tlog
d:\armando\repositoryuni\2a_1s_asd\personali\pile\pile\x64\debug\pile.tlog\link.4016-rc.read.1.tlog
d:\armando\repositoryuni\2a_1s_asd\personali\pile\pile\x64\debug\pile.tlog\link.4016-rc.write.1.tlog
d:\armando\repositoryuni\2a_1s_asd\personali\pile\pile\x64\debug\pile.tlog\link.4016.read.1.tlog
d:\armando\repositoryuni\2a_1s_asd\personali\pile\pile\x64\debug\pile.tlog\link.4016.read.2.tlog
d:\armando\repositoryuni\2a_1s_asd\personali\pile\pile\x64\debug\pile.tlog\link.4016.write.1.tlog
d:\armando\repositoryuni\2a_1s_asd\personali\pile\pile\x64\debug\pile.tlog\link.command.1.tlog
d:\armando\repositoryuni\2a_1s_asd\personali\pile\pile\x64\debug\pile.tlog\link.read.1.tlog
d:\armando\repositoryuni\2a_1s_asd\personali\pile\pile\x64\debug\pile.tlog\link.read.2.tlog
d:\armando\repositoryuni\2a_1s_asd\personali\pile\pile\x64\debug\pile.tlog\link.write.1.tlog
